2022-02-27 00:29:08.506 | INFO     | __main__:train:64 - =========begin trainning=========
2022-02-27 00:29:41.922 | INFO     | __main__:evaluate:120 - ====stop trainning, eval=====
2022-02-27 00:29:51.686 | INFO     | __main__:evaluate:152 - 

2022-02-27 00:29:51.686 | INFO     | __main__:evaluate:157 - ***** Eval results *****
2022-02-27 00:29:51.686 | INFO     | __main__:evaluate:159 -  acc: 0.0000 - recall: 0.0000 - f1: 0.0000 - loss: 50.5548 
2022-02-27 00:29:51.686 | INFO     | __main__:evaluate:160 - ***** Entity results *****
2022-02-27 00:29:51.686 | INFO     | __main__:evaluate:162 - ******* address results ********
2022-02-27 00:29:51.686 | INFO     | __main__:evaluate:164 -  acc: 0.0000 - recall: 0.0000 - f1: 0.0000 
2022-02-27 00:29:51.700 | INFO     | __main__:evaluate:162 - ******* book results ********
2022-02-27 00:29:51.700 | INFO     | __main__:evaluate:164 -  acc: 0.0000 - recall: 0.0000 - f1: 0.0000 
2022-02-27 00:29:51.700 | INFO     | __main__:evaluate:162 - ******* company results ********
2022-02-27 00:29:51.700 | INFO     | __main__:evaluate:164 -  acc: 0.0000 - recall: 0.0000 - f1: 0.0000 
2022-02-27 00:29:51.700 | INFO     | __main__:evaluate:162 - ******* game results ********
2022-02-27 00:29:51.700 | INFO     | __main__:evaluate:164 -  acc: 0.0000 - recall: 0.0000 - f1: 0.0000 
2022-02-27 00:29:51.700 | INFO     | __main__:evaluate:162 - ******* government results ********
2022-02-27 00:29:51.700 | INFO     | __main__:evaluate:164 -  acc: 0.0000 - recall: 0.0000 - f1: 0.0000 
2022-02-27 00:29:51.700 | INFO     | __main__:evaluate:162 - ******* movie results ********
2022-02-27 00:29:51.700 | INFO     | __main__:evaluate:164 -  acc: 0.0000 - recall: 0.0000 - f1: 0.0000 
2022-02-27 00:29:51.702 | INFO     | __main__:evaluate:162 - ******* name results ********
2022-02-27 00:29:51.702 | INFO     | __main__:evaluate:164 -  acc: 0.0000 - recall: 0.0000 - f1: 0.0000 
2022-02-27 00:29:51.702 | INFO     | __main__:evaluate:162 - ******* organization results ********
2022-02-27 00:29:51.702 | INFO     | __main__:evaluate:164 -  acc: 0.0000 - recall: 0.0000 - f1: 0.0000 
2022-02-27 00:29:51.702 | INFO     | __main__:evaluate:162 - ******* position results ********
2022-02-27 00:29:51.702 | INFO     | __main__:evaluate:164 -  acc: 0.0000 - recall: 0.0000 - f1: 0.0000 
2022-02-27 00:29:51.702 | INFO     | __main__:evaluate:162 - ******* scene results ********
2022-02-27 00:29:51.702 | INFO     | __main__:evaluate:164 -  acc: 0.0000 - recall: 0.0000 - f1: 0.0000 
2022-02-27 00:30:23.317 | INFO     | __main__:evaluate:120 - ====stop trainning, eval=====
2022-02-27 00:30:33.218 | INFO     | __main__:evaluate:152 - 

2022-02-27 00:30:33.218 | INFO     | __main__:evaluate:157 - ***** Eval results *****
2022-02-27 00:30:33.218 | INFO     | __main__:evaluate:159 -  acc: 0.6624 - recall: 0.1496 - f1: 0.2441 - loss: 20.2559 
2022-02-27 00:30:33.218 | INFO     | __main__:evaluate:160 - ***** Entity results *****
2022-02-27 00:30:33.218 | INFO     | __main__:evaluate:162 - ******* address results ********
2022-02-27 00:30:33.218 | INFO     | __main__:evaluate:164 -  acc: 0.4171 - recall: 0.1906 - f1: 0.2616 
2022-02-27 00:30:33.218 | INFO     | __main__:evaluate:162 - ******* book results ********
2022-02-27 00:30:33.218 | INFO     | __main__:evaluate:164 -  acc: 0.0000 - recall: 0.0000 - f1: 0.0000 
2022-02-27 00:30:33.218 | INFO     | __main__:evaluate:162 - ******* company results ********
2022-02-27 00:30:33.218 | INFO     | __main__:evaluate:164 -  acc: 0.7170 - recall: 0.0819 - f1: 0.1470 
2022-02-27 00:30:33.218 | INFO     | __main__:evaluate:162 - ******* game results ********
2022-02-27 00:30:33.218 | INFO     | __main__:evaluate:164 -  acc: 0.5000 - recall: 0.0066 - f1: 0.0129 
2022-02-27 00:30:33.234 | INFO     | __main__:evaluate:162 - ******* government results ********
2022-02-27 00:30:33.234 | INFO     | __main__:evaluate:164 -  acc: 0.0000 - recall: 0.0000 - f1: 0.0000 
2022-02-27 00:30:33.234 | INFO     | __main__:evaluate:162 - ******* movie results ********
2022-02-27 00:30:33.234 | INFO     | __main__:evaluate:164 -  acc: 0.0000 - recall: 0.0000 - f1: 0.0000 
2022-02-27 00:30:33.234 | INFO     | __main__:evaluate:162 - ******* name results ********
2022-02-27 00:30:33.234 | INFO     | __main__:evaluate:164 -  acc: 0.7472 - recall: 0.5097 - f1: 0.6060 
2022-02-27 00:30:33.234 | INFO     | __main__:evaluate:162 - ******* organization results ********
2022-02-27 00:30:33.234 | INFO     | __main__:evaluate:164 -  acc: 0.7176 - recall: 0.2926 - f1: 0.4157 
2022-02-27 00:30:33.234 | INFO     | __main__:evaluate:162 - ******* position results ********
2022-02-27 00:30:33.234 | INFO     | __main__:evaluate:164 -  acc: 0.7368 - recall: 0.0308 - f1: 0.0592 
2022-02-27 00:30:33.234 | INFO     | __main__:evaluate:162 - ******* scene results ********
2022-02-27 00:30:33.234 | INFO     | __main__:evaluate:164 -  acc: 0.0000 - recall: 0.0000 - f1: 0.0000 
2022-02-27 00:31:05.335 | INFO     | __main__:evaluate:120 - ====stop trainning, eval=====
2022-02-27 00:31:15.124 | INFO     | __main__:evaluate:152 - 

2022-02-27 00:31:15.124 | INFO     | __main__:evaluate:157 - ***** Eval results *****
2022-02-27 00:31:15.124 | INFO     | __main__:evaluate:159 -  acc: 0.6450 - recall: 0.6213 - f1: 0.6329 - loss: 11.4326 
2022-02-27 00:31:15.124 | INFO     | __main__:evaluate:160 - ***** Entity results *****
2022-02-27 00:31:15.124 | INFO     | __main__:evaluate:162 - ******* address results ********
2022-02-27 00:31:15.124 | INFO     | __main__:evaluate:164 -  acc: 0.4064 - recall: 0.5274 - f1: 0.4591 
2022-02-27 00:31:15.124 | INFO     | __main__:evaluate:162 - ******* book results ********
2022-02-27 00:31:15.124 | INFO     | __main__:evaluate:164 -  acc: 0.7255 - recall: 0.2056 - f1: 0.3203 
2022-02-27 00:31:15.124 | INFO     | __main__:evaluate:162 - ******* company results ********
2022-02-27 00:31:15.124 | INFO     | __main__:evaluate:164 -  acc: 0.5819 - recall: 0.6659 - f1: 0.6211 
2022-02-27 00:31:15.124 | INFO     | __main__:evaluate:162 - ******* game results ********
2022-02-27 00:31:15.124 | INFO     | __main__:evaluate:164 -  acc: 0.6412 - recall: 0.7443 - f1: 0.6889 
2022-02-27 00:31:15.124 | INFO     | __main__:evaluate:162 - ******* government results ********
2022-02-27 00:31:15.124 | INFO     | __main__:evaluate:164 -  acc: 0.6781 - recall: 0.6471 - f1: 0.6622 
2022-02-27 00:31:15.124 | INFO     | __main__:evaluate:162 - ******* movie results ********
2022-02-27 00:31:15.124 | INFO     | __main__:evaluate:164 -  acc: 0.6825 - recall: 0.5409 - f1: 0.6035 
2022-02-27 00:31:15.124 | INFO     | __main__:evaluate:162 - ******* name results ********
2022-02-27 00:31:15.124 | INFO     | __main__:evaluate:164 -  acc: 0.7556 - recall: 0.8450 - f1: 0.7978 
2022-02-27 00:31:15.124 | INFO     | __main__:evaluate:162 - ******* organization results ********
2022-02-27 00:31:15.124 | INFO     | __main__:evaluate:164 -  acc: 0.7139 - recall: 0.6403 - f1: 0.6751 
2022-02-27 00:31:15.124 | INFO     | __main__:evaluate:162 - ******* position results ********
2022-02-27 00:31:15.124 | INFO     | __main__:evaluate:164 -  acc: 0.7407 - recall: 0.6167 - f1: 0.6731 
2022-02-27 00:31:15.140 | INFO     | __main__:evaluate:162 - ******* scene results ********
2022-02-27 00:31:15.140 | INFO     | __main__:evaluate:164 -  acc: 0.7241 - recall: 0.3529 - f1: 0.4746 
