2022-02-26 14:56:54.009 | INFO     | __main__:train:64 - =========begin trainning=========
2022-02-26 14:57:25.307 | INFO     | __main__:evaluate:120 - ====stop trainning, eval=====
2022-02-26 14:57:34.516 | INFO     | __main__:evaluate:152 - 

2022-02-26 14:57:34.516 | INFO     | __main__:evaluate:157 - ***** Eval results *****
2022-02-26 14:57:34.516 | INFO     | __main__:evaluate:159 -  acc: 0.0000 - recall: 0.0000 - f1: 0.0000 - loss: 50.0526 
2022-02-26 14:57:34.516 | INFO     | __main__:evaluate:160 - ***** Entity results *****
2022-02-26 14:57:34.516 | INFO     | __main__:evaluate:162 - ******* address results ********
2022-02-26 14:57:34.516 | INFO     | __main__:evaluate:164 -  acc: 0.0000 - recall: 0.0000 - f1: 0.0000 
2022-02-26 14:57:34.516 | INFO     | __main__:evaluate:162 - ******* book results ********
2022-02-26 14:57:34.516 | INFO     | __main__:evaluate:164 -  acc: 0.0000 - recall: 0.0000 - f1: 0.0000 
2022-02-26 14:57:34.516 | INFO     | __main__:evaluate:162 - ******* company results ********
2022-02-26 14:57:34.516 | INFO     | __main__:evaluate:164 -  acc: 0.0000 - recall: 0.0000 - f1: 0.0000 
2022-02-26 14:57:34.516 | INFO     | __main__:evaluate:162 - ******* game results ********
2022-02-26 14:57:34.516 | INFO     | __main__:evaluate:164 -  acc: 0.0000 - recall: 0.0000 - f1: 0.0000 
2022-02-26 14:57:34.516 | INFO     | __main__:evaluate:162 - ******* government results ********
2022-02-26 14:57:34.516 | INFO     | __main__:evaluate:164 -  acc: 0.0000 - recall: 0.0000 - f1: 0.0000 
2022-02-26 14:57:34.516 | INFO     | __main__:evaluate:162 - ******* movie results ********
2022-02-26 14:57:34.516 | INFO     | __main__:evaluate:164 -  acc: 0.0000 - recall: 0.0000 - f1: 0.0000 
2022-02-26 14:57:34.516 | INFO     | __main__:evaluate:162 - ******* name results ********
2022-02-26 14:57:34.516 | INFO     | __main__:evaluate:164 -  acc: 0.0000 - recall: 0.0000 - f1: 0.0000 
2022-02-26 14:57:34.523 | INFO     | __main__:evaluate:162 - ******* organization results ********
2022-02-26 14:57:34.523 | INFO     | __main__:evaluate:164 -  acc: 0.0000 - recall: 0.0000 - f1: 0.0000 
2022-02-26 14:57:34.523 | INFO     | __main__:evaluate:162 - ******* position results ********
2022-02-26 14:57:34.523 | INFO     | __main__:evaluate:164 -  acc: 0.0000 - recall: 0.0000 - f1: 0.0000 
2022-02-26 14:57:34.523 | INFO     | __main__:evaluate:162 - ******* scene results ********
2022-02-26 14:57:34.523 | INFO     | __main__:evaluate:164 -  acc: 0.0000 - recall: 0.0000 - f1: 0.0000 
2022-02-26 14:58:03.874 | INFO     | __main__:evaluate:120 - ====stop trainning, eval=====
2022-02-26 14:58:13.067 | INFO     | __main__:evaluate:152 - 

2022-02-26 14:58:13.067 | INFO     | __main__:evaluate:157 - ***** Eval results *****
2022-02-26 14:58:13.067 | INFO     | __main__:evaluate:159 -  acc: 0.7006 - recall: 0.1067 - f1: 0.1851 - loss: 20.5253 
2022-02-26 14:58:13.067 | INFO     | __main__:evaluate:160 - ***** Entity results *****
2022-02-26 14:58:13.067 | INFO     | __main__:evaluate:162 - ******* address results ********
2022-02-26 14:58:13.067 | INFO     | __main__:evaluate:164 -  acc: 0.4000 - recall: 0.0574 - f1: 0.1005 
2022-02-26 14:58:13.067 | INFO     | __main__:evaluate:162 - ******* book results ********
2022-02-26 14:58:13.067 | INFO     | __main__:evaluate:164 -  acc: 0.0000 - recall: 0.0000 - f1: 0.0000 
2022-02-26 14:58:13.067 | INFO     | __main__:evaluate:162 - ******* company results ********
2022-02-26 14:58:13.067 | INFO     | __main__:evaluate:164 -  acc: 0.5500 - recall: 0.0711 - f1: 0.1260 
2022-02-26 14:58:13.067 | INFO     | __main__:evaluate:162 - ******* game results ********
2022-02-26 14:58:13.067 | INFO     | __main__:evaluate:164 -  acc: 0.9412 - recall: 0.0525 - f1: 0.0994 
2022-02-26 14:58:13.067 | INFO     | __main__:evaluate:162 - ******* government results ********
2022-02-26 14:58:13.067 | INFO     | __main__:evaluate:164 -  acc: 0.0000 - recall: 0.0000 - f1: 0.0000 
2022-02-26 14:58:13.067 | INFO     | __main__:evaluate:162 - ******* movie results ********
2022-02-26 14:58:13.067 | INFO     | __main__:evaluate:164 -  acc: 0.0000 - recall: 0.0000 - f1: 0.0000 
2022-02-26 14:58:13.067 | INFO     | __main__:evaluate:162 - ******* name results ********
2022-02-26 14:58:13.067 | INFO     | __main__:evaluate:164 -  acc: 0.8013 - recall: 0.2422 - f1: 0.3720 
2022-02-26 14:58:13.067 | INFO     | __main__:evaluate:162 - ******* organization results ********
2022-02-26 14:58:13.067 | INFO     | __main__:evaluate:164 -  acc: 0.7657 - recall: 0.3213 - f1: 0.4527 
2022-02-26 14:58:13.067 | INFO     | __main__:evaluate:162 - ******* position results ********
2022-02-26 14:58:13.067 | INFO     | __main__:evaluate:164 -  acc: 0.6034 - recall: 0.0771 - f1: 0.1367 
2022-02-26 14:58:13.067 | INFO     | __main__:evaluate:162 - ******* scene results ********
2022-02-26 14:58:13.067 | INFO     | __main__:evaluate:164 -  acc: 0.0000 - recall: 0.0000 - f1: 0.0000 
2022-02-26 14:58:42.535 | INFO     | __main__:evaluate:120 - ====stop trainning, eval=====
2022-02-26 14:58:51.795 | INFO     | __main__:evaluate:152 - 

2022-02-26 14:58:51.795 | INFO     | __main__:evaluate:157 - ***** Eval results *****
2022-02-26 14:58:51.795 | INFO     | __main__:evaluate:159 -  acc: 0.6300 - recall: 0.5111 - f1: 0.5644 - loss: 11.6849 
2022-02-26 14:58:51.795 | INFO     | __main__:evaluate:160 - ***** Entity results *****
2022-02-26 14:58:51.795 | INFO     | __main__:evaluate:162 - ******* address results ********
2022-02-26 14:58:51.795 | INFO     | __main__:evaluate:164 -  acc: 0.3607 - recall: 0.4700 - f1: 0.4082 
2022-02-26 14:58:51.795 | INFO     | __main__:evaluate:162 - ******* book results ********
2022-02-26 14:58:51.795 | INFO     | __main__:evaluate:164 -  acc: 0.7500 - recall: 0.0333 - f1: 0.0638 
2022-02-26 14:58:51.795 | INFO     | __main__:evaluate:162 - ******* company results ********
2022-02-26 14:58:51.795 | INFO     | __main__:evaluate:164 -  acc: 0.6131 - recall: 0.6659 - f1: 0.6384 
2022-02-26 14:58:51.795 | INFO     | __main__:evaluate:162 - ******* game results ********
2022-02-26 14:58:51.795 | INFO     | __main__:evaluate:164 -  acc: 0.6618 - recall: 0.4492 - f1: 0.5352 
2022-02-26 14:58:51.795 | INFO     | __main__:evaluate:162 - ******* government results ********
2022-02-26 14:58:51.795 | INFO     | __main__:evaluate:164 -  acc: 0.6457 - recall: 0.3693 - f1: 0.4699 
2022-02-26 14:58:51.795 | INFO     | __main__:evaluate:162 - ******* movie results ********
2022-02-26 14:58:51.795 | INFO     | __main__:evaluate:164 -  acc: 0.6136 - recall: 0.5094 - f1: 0.5567 
2022-02-26 14:58:51.795 | INFO     | __main__:evaluate:162 - ******* name results ********
2022-02-26 14:58:51.795 | INFO     | __main__:evaluate:164 -  acc: 0.7674 - recall: 0.8314 - f1: 0.7981 
2022-02-26 14:58:51.795 | INFO     | __main__:evaluate:162 - ******* organization results ********
2022-02-26 14:58:51.795 | INFO     | __main__:evaluate:164 -  acc: 0.6854 - recall: 0.5851 - f1: 0.6313 
2022-02-26 14:58:51.795 | INFO     | __main__:evaluate:162 - ******* position results ********
2022-02-26 14:58:51.795 | INFO     | __main__:evaluate:164 -  acc: 0.7477 - recall: 0.5485 - f1: 0.6328 
2022-02-26 14:58:51.795 | INFO     | __main__:evaluate:162 - ******* scene results ********
2022-02-26 14:58:51.795 | INFO     | __main__:evaluate:164 -  acc: 0.3333 - recall: 0.0042 - f1: 0.0083 
